2018/04/11 17:47:24 [notice] 496#1460: signal process started
2018/04/11 18:11:15 [notice] 9180#11820: signal process started
2018/04/11 18:11:20 [notice] 11600#3732: signal process started
2018/04/11 18:11:20 [error] 11600#3732: CreateFile() "C:\nginx-1.13.12\nginx-1.13.12/logs/nginx.pid" failed (2: The system cannot find the file specified)
2018/04/11 18:11:36 [notice] 1808#2212: signal process started
2018/04/11 18:11:36 [error] 1808#2212: CreateFile() "C:\nginx-1.13.12\nginx-1.13.12/logs/nginx.pid" failed (2: The system cannot find the file specified)
2018/04/11 18:12:10 [notice] 8208#1136: signal process started
2018/04/11 18:13:15 [error] 3348#5304: *1 CreateFile() "C:\nginx-1.13.12\nginx-1.13.12/html/favicon.ico" failed (2: The system cannot find the file specified), client: 127.0.0.1, server: localhost, request: "GET /favicon.ico HTTP/1.1", host: "localhost", referrer: "http://localhost/"
2018/04/11 18:13:22 [notice] 996#11392: signal process started
2018/04/11 18:13:35 [notice] 3772#11208: signal process started
2018/04/11 18:13:41 [notice] 7976#9452: signal process started
2018/04/11 18:14:00 [notice] 3184#96: signal process started
2018/04/11 18:14:00 [error] 3184#96: CreateFile() "C:\nginx-1.13.12\nginx-1.13.12/logs/nginx.pid" failed (2: The system cannot find the file specified)
2018/04/11 18:16:08 [emerg] 5308#12172: "upstream" directive is not allowed here in C:\nginx-1.13.12\nginx-1.13.12/conf/nginx.conf:1
2018/04/11 18:17:07 [emerg] 9232#2716: "upstream" directive is not allowed here in C:\nginx-1.13.12\nginx-1.13.12/conf/nginx.conf:1
2018/04/12 09:03:13 [emerg] 7336#7340: CreateFile() "C:\nginx-1.13.12\nginx-1.13.12/conf/nginx.conf" failed (2: The system cannot find the file specified)
2018/04/12 09:05:37 [error] 10440#11776: *1 CreateFile() "C:\nginx-1.13.12\nginx-1.13.12/html/favicon.ico" failed (2: The system cannot find the file specified), client: 127.0.0.1, server: localhost, request: "GET /favicon.ico HTTP/1.1", host: "localhost", referrer: "http://localhost/"
2018/04/12 09:09:15 [notice] 9408#7624: signal process started
2018/04/12 09:18:34 [emerg] 3992#1040: no "events" section in configuration
2018/04/12 09:28:03 [notice] 6820#9608: signal process started
2018/04/12 09:28:09 [notice] 2044#6484: signal process started
2018/04/12 09:28:12 [notice] 5364#3644: signal process started
2018/04/12 09:28:19 [notice] 7824#7900: signal process started
2018/04/12 09:30:31 [warn] 10276#8416: server name "localhost/api" has suspicious symbols in C:\nginx-1.13.12\nginx-1.13.12/conf/nginx.conf:38
2018/04/12 09:30:31 [notice] 10276#8416: signal process started
2018/04/12 09:31:09 [notice] 6584#2040: signal process started
2018/04/12 09:31:09 [error] 6584#2040: CreateFile() "C:\nginx-1.13.12\nginx-1.13.12/logs/nginx.pid" failed (2: The system cannot find the file specified)
2018/04/12 09:31:30 [warn] 10048#836: server name "localhost/api" has suspicious symbols in C:\nginx-1.13.12\nginx-1.13.12/conf/nginx.conf:38
2018/04/12 09:31:31 [warn] 9860#9852: server name "localhost/api" has suspicious symbols in C:\nginx-1.13.12\nginx-1.13.12/conf/nginx.conf:38
2018/04/12 09:33:59 [notice] 7240#8128: signal process started
2018/04/12 09:34:43 [notice] 5352#2124: signal process started
2018/04/12 09:36:00 [warn] 8496#6820: server name "localhost/api" has suspicious symbols in C:\nginx-1.13.12\nginx-1.13.12/conf/nginx.conf:38
2018/04/12 09:36:00 [notice] 8496#6820: signal process started
2018/04/12 09:36:07 [warn] 10976#10108: server name "localhost/api" has suspicious symbols in C:\nginx-1.13.12\nginx-1.13.12/conf/nginx.conf:38
2018/04/12 09:36:09 [warn] 6484#12268: server name "localhost/api" has suspicious symbols in C:\nginx-1.13.12\nginx-1.13.12/conf/nginx.conf:38
2018/04/12 09:36:27 [warn] 5156#8544: server name "localhost/api" has suspicious symbols in C:\nginx-1.13.12\nginx-1.13.12/conf/nginx.conf:38
2018/04/12 09:36:27 [notice] 5156#8544: signal process started
2018/04/12 09:41:05 [notice] 9032#4004: signal process started
2018/04/12 09:46:21 [notice] 11032#6928: signal process started
2018/04/12 09:46:59 [notice] 7816#8172: signal process started
2018/04/12 09:46:59 [error] 7816#8172: CreateFile() "C:\nginx-1.13.12\nginx-1.13.12/logs/nginx.pid" failed (2: The system cannot find the file specified)
2018/04/12 09:47:56 [notice] 3616#11952: signal process started
2018/04/12 09:48:00 [notice] 4528#10156: signal process started
2018/04/12 09:48:00 [error] 4528#10156: CreateFile() "C:\nginx-1.13.12\nginx-1.13.12/logs/nginx.pid" failed (2: The system cannot find the file specified)
2018/04/12 09:48:07 [notice] 11512#10388: signal process started
2018/04/12 09:48:07 [error] 11512#10388: CreateFile() "C:\nginx-1.13.12\nginx-1.13.12/logs/nginx.pid" failed (2: The system cannot find the file specified)
2018/04/12 09:50:03 [notice] 5240#944: signal process started
